# JRE version: OpenJDK Runtime Environment Temurin-17.0.8+7 (17.0.8+7) (build 17.0.8+7)
# Java VM: OpenJDK 64-Bit Server VM Temurin-17.0.8+7 (17.0.8+7, mixed mode, tiered, compressed oops, compressed class ptrs, g1 gc, windows-amd64)
GC Precious Log:
 CPUs: 16 total, 16 available
 Memory: 7896M
 Large Page Support: Disabled
 NUMA Support: Disabled
 Compressed Oops: Enabled (32-bit)
 Heap Region Size: 1M
 Heap Min Capacity: 8M
 Heap Initial Capacity: 124M
 Heap Max Capacity: 1976M
 Pre-touch: Disabled
 Parallel Workers: 13
 Concurrent Workers: 3
 Concurrent Refinement Workers: 13
 Periodic GC: Disabled
Heap:
 garbage-first heap   total 37888K, used 27392K [0x0000000084800000, 0x0000000100000000)
  region size 1024K, 10 young (10240K), 1 survivors (1024K)
 Metaspace       used 35425K, committed 35776K, reserved 1114112K
  class space    used 3974K, committed 4160K, reserved 1048576K
GC Heap History (18 events):
Event: 1.019 GC heap before
{Heap before GC invocations=0 (full 0):
 garbage-first heap   total 126976K, used 23552K [0x0000000084800000, 0x0000000100000000)
  region size 1024K, 23 young (23552K), 0 survivors (0K)
 Metaspace       used 13994K, committed 14208K, reserved 1114112K
  class space    used 1373K, committed 1472K, reserved 1048576K
}
Event: 1.024 GC heap after
{Heap after GC invocations=1 (full 0):
 garbage-first heap   total 126976K, used 6430K [0x0000000084800000, 0x0000000100000000)
  region size 1024K, 3 young (3072K), 3 survivors (3072K)
 Metaspace       used 13994K, committed 14208K, reserved 1114112K
  class space    used 1373K, committed 1472K, reserved 1048576K
}
Event: 6.748 GC heap before
{Heap before GC invocations=1 (full 0):
 garbage-first heap   total 126976K, used 35102K [0x0000000084800000, 0x0000000100000000)
  region size 1024K, 32 young (32768K), 3 survivors (3072K)
 Metaspace       used 21189K, committed 21504K, reserved 1114112K
  class space    used 2275K, committed 2432K, reserved 1048576K
}
Event: 6.756 GC heap after
{Heap after GC invocations=2 (full 0):
 garbage-first heap   total 126976K, used 8648K [0x0000000084800000, 0x0000000100000000)
  region size 1024K, 3 young (3072K), 3 survivors (3072K)
 Metaspace       used 21189K, committed 21504K, reserved 1114112K
  class space    used 2275K, committed 2432K, reserved 1048576K
}
Event: 7.515 GC heap before
{Heap before GC invocations=3 (full 0):
 garbage-first heap   total 37888K, used 27080K [0x0000000084800000, 0x0000000100000000)
  region size 1024K, 22 young (22528K), 3 survivors (3072K)
 Metaspace       used 27745K, committed 28032K, reserved 1114112K
  class space    used 3037K, committed 3200K, reserved 1048576K
}
Event: 7.521 GC heap after
{Heap after GC invocations=4 (full 0):
 garbage-first heap   total 37888K, used 11601K [0x0000000084800000, 0x0000000100000000)
  region size 1024K, 3 young (3072K), 3 survivors (3072K)
 Metaspace       used 27745K, committed 28032K, reserved 1114112K
  class space    used 3037K, committed 3200K, reserved 1048576K
}
Event: 7.536 GC heap before
{Heap before GC invocations=4 (full 0):
 garbage-first heap   total 37888K, used 11601K [0x0000000084800000, 0x0000000100000000)
  region size 1024K, 4 young (4096K), 3 survivors (3072K)
 Metaspace       used 28121K, committed 28352K, reserved 1114112K
  class space    used 3071K, committed 3200K, reserved 1048576K
}
Event: 7.540 GC heap after
{Heap after GC invocations=5 (full 0):
 garbage-first heap   total 37888K, used 12188K [0x0000000084800000, 0x0000000100000000)
  region size 1024K, 1 young (1024K), 1 survivors (1024K)
 Metaspace       used 28121K, committed 28352K, reserved 1114112K
  class space    used 3071K, committed 3200K, reserved 1048576K
}
Event: 8.304 GC heap before
{Heap before GC invocations=5 (full 0):
 garbage-first heap   total 37888K, used 24476K [0x0000000084800000, 0x0000000100000000)
  region size 1024K, 14 young (14336K), 1 survivors (1024K)
 Metaspace       used 31417K, committed 31744K, reserved 1114112K
  class space    used 3493K, committed 3648K, reserved 1048576K
}
Event: 8.306 GC heap after
{Heap after GC invocations=6 (full 0):
 garbage-first heap   total 37888K, used 12861K [0x0000000084800000, 0x0000000100000000)
  region size 1024K, 2 young (2048K), 2 survivors (2048K)
 Metaspace       used 31417K, committed 31744K, reserved 1114112K
  class space    used 3493K, committed 3648K, reserved 1048576K
}
Event: 20.751 GC heap before
{Heap before GC invocations=6 (full 0):
 garbage-first heap   total 37888K, used 31293K [0x0000000084800000, 0x0000000100000000)
  region size 1024K, 15 young (15360K), 2 survivors (2048K)
 Metaspace       used 34383K, committed 34752K, reserved 1114112K
  class space    used 3936K, committed 4096K, reserved 1048576K
}
Event: 20.759 GC heap after
{Heap after GC invocations=7 (full 0):
 garbage-first heap   total 37888K, used 19299K [0x0000000084800000, 0x0000000100000000)
  region size 1024K, 2 young (2048K), 2 survivors (2048K)
 Metaspace       used 34383K, committed 34752K, reserved 1114112K
  class space    used 3936K, committed 4096K, reserved 1048576K
}
Event: 241.293 GC heap before
{Heap before GC invocations=7 (full 0):
 garbage-first heap   total 37888K, used 27491K [0x0000000084800000, 0x0000000100000000)
  region size 1024K, 11 young (11264K), 2 survivors (2048K)
 Metaspace       used 34961K, committed 35328K, reserved 1114112K
  class space    used 3973K, committed 4160K, reserved 1048576K
}
Event: 241.335 GC heap after
{Heap after GC invocations=8 (full 0):
 garbage-first heap   total 37888K, used 19529K [0x0000000084800000, 0x0000000100000000)
  region size 1024K, 1 young (1024K), 1 survivors (1024K)
 Metaspace       used 34961K, committed 35328K, reserved 1114112K
  class space    used 3973K, committed 4160K, reserved 1048576K
}
Event: 281.604 GC heap before
{Heap before GC invocations=9 (full 0):
 garbage-first heap   total 37888K, used 29769K [0x0000000084800000, 0x0000000100000000)
  region size 1024K, 11 young (11264K), 1 survivors (1024K)
 Metaspace       used 35251K, committed 35584K, reserved 1114112K
  class space    used 3974K, committed 4160K, reserved 1048576K
}
Event: 281.612 GC heap after
{Heap after GC invocations=10 (full 0):
 garbage-first heap   total 37888K, used 19524K [0x0000000084800000, 0x0000000100000000)
  region size 1024K, 1 young (1024K), 1 survivors (1024K)
 Metaspace       used 35251K, committed 35584K, reserved 1114112K
  class space    used 3974K, committed 4160K, reserved 1048576K
}
Event: 286.584 GC heap before
{Heap before GC invocations=10 (full 0):
 garbage-first heap   total 37888K, used 19524K [0x0000000084800000, 0x0000000100000000)
  region size 1024K, 2 young (2048K), 1 survivors (1024K)
 Metaspace       used 35257K, committed 35648K, reserved 1114112K
  class space    used 3974K, committed 4160K, reserved 1048576K
}
Event: 286.598 GC heap after
{Heap after GC invocations=11 (full 0):
 garbage-first heap   total 37888K, used 19200K [0x0000000084800000, 0x0000000100000000)
  region size 1024K, 1 young (1024K), 1 survivors (1024K)
 Metaspace       used 35257K, committed 35648K, reserved 1114112K
  class space    used 3974K, committed 4160K, reserved 1048576K
}

