<?xml version="1.0" encoding="UTF-8"?>
<!-- Generated by org.testng.reporters.JUnitXMLReporter -->
<testsuite ignored="0" hostname="Dharani" failures="0" tests="6" name="Test" time="1117.576" errors="0" timestamp="2023-12-15T11:56:29 IST">
  <testcase classname="com.bestbuy.tests.WebPageTest" name="navigateToWebpage" time="33.105"/>
  <testcase classname="com.bestbuy.tests.BottomLinkTest" name="bottomLinks" time="23.039"/>
  <testcase classname="com.bestbuy.tests.AddCartTest" name="searchedItem" time="109.513"/>
  <testcase classname="com.bestbuy.tests.AddMenuCartTest" name="addMenuCartItems" time="121.692"/>
  <testcase classname="com.bestbuy.tests.AddBrandCartTest" name="addBrandItemsToCart" time="127.861"/>
  <testcase classname="com.bestbuy.tests.CheckOutTest" name="navigateToCheckOut" time="702.117"/>
</testsuite> <!-- Test -->
