<?xml version="1.0" encoding="UTF-8"?>
<!-- Generated by org.testng.reporters.JUnitXMLReporter -->
<testsuite ignored="0" hostname="Dharani" failures="0" tests="6" name="Test" time="482.054" errors="0" timestamp="2024-01-06T11:32:26 IST">
  <testcase classname="com.bestbuy.tests.WebPageTest" name="navigateToWebpage" time="19.637"/>
  <testcase classname="com.bestbuy.tests.BottomLinkTest" name="bottomLinks" time="10.015"/>
  <testcase classname="com.bestbuy.tests.AddCartTest" name="searchedItem" time="44.646"/>
  <testcase classname="com.bestbuy.tests.AddMenuCartTest" name="addMenuCartItems" time="125.843"/>
  <testcase classname="com.bestbuy.tests.AddBrandCartTest" name="addBrandItemsToCart" time="51.882"/>
  <testcase classname="com.bestbuy.tests.CheckOutTest" name="navigateToCheckOut" time="229.96"/>
</testsuite> <!-- Test -->
