<?xml version="1.0" encoding="UTF-8"?>
<testng-results ignored="0" total="6" passed="6" failed="0" skipped="0">
  <reporter-output>
  </reporter-output>
  <suite started-at="2023-12-15T11:37:51 IST" name="Suite" finished-at="2023-12-15T11:56:28 IST" duration-ms="1117576">
    <groups>
    </groups>
    <test started-at="2023-12-15T11:37:51 IST" name="Test" finished-at="2023-12-15T11:56:28 IST" duration-ms="1117576">
      <class name="com.bestbuy.tests.CheckOutTest">
        <test-method signature="navigateToCheckOut()[pri:0, instance:com.bestbuy.tests.CheckOutTest@6caf0677]" started-at="2023-12-15T11:44:46 IST" name="navigateToCheckOut" finished-at="2023-12-15T11:56:28 IST" duration-ms="702117" status="PASS">
          <reporter-output>
          </reporter-output>
        </test-method> <!-- navigateToCheckOut -->
      </class> <!-- com.bestbuy.tests.CheckOutTest -->
      <class name="com.bestbuy.tests.WebPageTest">
        <test-method signature="navigateToWebpage()[pri:0, instance:com.bestbuy.tests.WebPageTest@5e2c3d18]" started-at="2023-12-15T11:37:51 IST" name="navigateToWebpage" finished-at="2023-12-15T11:38:24 IST" duration-ms="33105" status="PASS">
          <reporter-output>
          </reporter-output>
        </test-method> <!-- navigateToWebpage -->
      </class> <!-- com.bestbuy.tests.WebPageTest -->
      <class name="com.bestbuy.tests.AddCartTest">
        <test-method signature="searchedItem()[pri:0, instance:com.bestbuy.tests.AddCartTest@cc43f62]" started-at="2023-12-15T11:38:47 IST" name="searchedItem" finished-at="2023-12-15T11:40:36 IST" duration-ms="109513" status="PASS">
          <reporter-output>
          </reporter-output>
        </test-method> <!-- searchedItem -->
      </class> <!-- com.bestbuy.tests.AddCartTest -->
      <class name="com.bestbuy.tests.AddBrandCartTest">
        <test-method signature="addBrandItemsToCart()[pri:0, instance:com.bestbuy.tests.AddBrandCartTest@645aa696]" started-at="2023-12-15T11:42:38 IST" name="addBrandItemsToCart" finished-at="2023-12-15T11:44:46 IST" duration-ms="127861" status="PASS">
          <reporter-output>
          </reporter-output>
        </test-method> <!-- addBrandItemsToCart -->
      </class> <!-- com.bestbuy.tests.AddBrandCartTest -->
      <class name="com.bestbuy.tests.BottomLinkTest">
        <test-method signature="bottomLinks()[pri:0, instance:com.bestbuy.tests.BottomLinkTest@2cb4893b]" started-at="2023-12-15T11:38:24 IST" name="bottomLinks" finished-at="2023-12-15T11:38:47 IST" duration-ms="23039" status="PASS">
          <reporter-output>
          </reporter-output>
        </test-method> <!-- bottomLinks -->
      </class> <!-- com.bestbuy.tests.BottomLinkTest -->
      <class name="com.bestbuy.utils.Reports">
        <test-method is-config="true" signature="startReport()[pri:0, instance:com.bestbuy.utils.Reports@196a42c3]" started-at="2023-12-15T11:37:50 IST" name="startReport" finished-at="2023-12-15T11:37:51 IST" duration-ms="338" status="PASS">
          <reporter-output>
          </reporter-output>
        </test-method> <!-- startReport -->
        <test-method is-config="true" signature="endReport()[pri:0, instance:com.bestbuy.utils.Reports@196a42c3]" started-at="2023-12-15T11:56:30 IST" name="endReport" finished-at="2023-12-15T11:56:36 IST" duration-ms="6172" status="PASS">
          <reporter-output>
          </reporter-output>
        </test-method> <!-- endReport -->
      </class> <!-- com.bestbuy.utils.Reports -->
      <class name="com.bestbuy.tests.AddMenuCartTest">
        <test-method signature="addMenuCartItems()[pri:0, instance:com.bestbuy.tests.AddMenuCartTest@5b218417]" started-at="2023-12-15T11:40:36 IST" name="addMenuCartItems" finished-at="2023-12-15T11:42:38 IST" duration-ms="121692" status="PASS">
          <reporter-output>
          </reporter-output>
        </test-method> <!-- addMenuCartItems -->
      </class> <!-- com.bestbuy.tests.AddMenuCartTest -->
    </test> <!-- Test -->
  </suite> <!-- Suite -->
</testng-results>
