<?xml version="1.0" encoding="UTF-8"?>
<testng-results ignored="0" total="6" passed="6" failed="0" skipped="0">
  <reporter-output>
  </reporter-output>
  <suite started-at="2024-01-06T11:24:24 IST" name="Suite" finished-at="2024-01-06T11:32:26 IST" duration-ms="482054">
    <groups>
    </groups>
    <test started-at="2024-01-06T11:24:24 IST" name="Test" finished-at="2024-01-06T11:32:26 IST" duration-ms="482054">
      <class name="com.bestbuy.tests.CheckOutTest">
        <test-method signature="navigateToCheckOut()[pri:0, instance:com.bestbuy.tests.CheckOutTest@6caf0677]" started-at="2024-01-06T11:28:36 IST" name="navigateToCheckOut" finished-at="2024-01-06T11:32:26 IST" duration-ms="229960" status="PASS">
          <reporter-output>
          </reporter-output>
        </test-method> <!-- navigateToCheckOut -->
      </class> <!-- com.bestbuy.tests.CheckOutTest -->
      <class name="com.bestbuy.tests.WebPageTest">
        <test-method signature="navigateToWebpage()[pri:0, instance:com.bestbuy.tests.WebPageTest@5e2c3d18]" started-at="2024-01-06T11:24:24 IST" name="navigateToWebpage" finished-at="2024-01-06T11:24:44 IST" duration-ms="19637" status="PASS">
          <reporter-output>
          </reporter-output>
        </test-method> <!-- navigateToWebpage -->
      </class> <!-- com.bestbuy.tests.WebPageTest -->
      <class name="com.bestbuy.tests.AddCartTest">
        <test-method signature="searchedItem()[pri:0, instance:com.bestbuy.tests.AddCartTest@cc43f62]" started-at="2024-01-06T11:24:54 IST" name="searchedItem" finished-at="2024-01-06T11:25:38 IST" duration-ms="44646" status="PASS">
          <reporter-output>
          </reporter-output>
        </test-method> <!-- searchedItem -->
      </class> <!-- com.bestbuy.tests.AddCartTest -->
      <class name="com.bestbuy.tests.AddBrandCartTest">
        <test-method signature="addBrandItemsToCart()[pri:0, instance:com.bestbuy.tests.AddBrandCartTest@645aa696]" started-at="2024-01-06T11:27:44 IST" name="addBrandItemsToCart" finished-at="2024-01-06T11:28:36 IST" duration-ms="51882" status="PASS">
          <reporter-output>
          </reporter-output>
        </test-method> <!-- addBrandItemsToCart -->
      </class> <!-- com.bestbuy.tests.AddBrandCartTest -->
      <class name="com.bestbuy.tests.BottomLinkTest">
        <test-method signature="bottomLinks()[pri:0, instance:com.bestbuy.tests.BottomLinkTest@2cb4893b]" started-at="2024-01-06T11:24:44 IST" name="bottomLinks" finished-at="2024-01-06T11:24:54 IST" duration-ms="10015" status="PASS">
          <reporter-output>
          </reporter-output>
        </test-method> <!-- bottomLinks -->
      </class> <!-- com.bestbuy.tests.BottomLinkTest -->
      <class name="com.bestbuy.utils.Reports">
        <test-method is-config="true" signature="startReport()[pri:0, instance:com.bestbuy.utils.Reports@196a42c3]" started-at="2024-01-06T11:24:24 IST" name="startReport" finished-at="2024-01-06T11:24:24 IST" duration-ms="375" status="PASS">
          <reporter-output>
          </reporter-output>
        </test-method> <!-- startReport -->
        <test-method is-config="true" signature="endReport()[pri:0, instance:com.bestbuy.utils.Reports@196a42c3]" started-at="2024-01-06T11:32:26 IST" name="endReport" finished-at="2024-01-06T11:32:29 IST" duration-ms="2455" status="PASS">
          <reporter-output>
          </reporter-output>
        </test-method> <!-- endReport -->
      </class> <!-- com.bestbuy.utils.Reports -->
      <class name="com.bestbuy.tests.AddMenuCartTest">
        <test-method signature="addMenuCartItems()[pri:0, instance:com.bestbuy.tests.AddMenuCartTest@5b218417]" started-at="2024-01-06T11:25:38 IST" name="addMenuCartItems" finished-at="2024-01-06T11:27:44 IST" duration-ms="125843" status="PASS">
          <reporter-output>
          </reporter-output>
        </test-method> <!-- addMenuCartItems -->
      </class> <!-- com.bestbuy.tests.AddMenuCartTest -->
    </test> <!-- Test -->
  </suite> <!-- Suite -->
</testng-results>
